<?xml version="1.0" encoding="UTF-8"?>
<testsuite name="com.adventure.sprint3.S3M2Test" tests="3" skipped="0" failures="0" errors="0" timestamp="2021-11-09T22:10:27" hostname="COLDSTORAGE" time="0.066">
  <properties/>
  <testcase name="testReadFile2()" classname="com.adventure.sprint3.S3M2Test" time="0.052"/>
  <testcase name="testReadFile()" classname="com.adventure.sprint3.S3M2Test" time="0.002"/>
  <testcase name="testCombatSimulator()" classname="com.adventure.sprint3.S3M2Test" time="0.01"/>
  <system-out><![CDATA[]]></system-out>
  <system-err><![CDATA[]]></system-err>
</testsuite>
