<?xml version="1.0" encoding="UTF-8"?>
<testsuite name="com.adventure.sprint3.S3M3Test" tests="7" skipped="0" failures="0" errors="0" timestamp="2021-11-11T21:22:34" hostname="COLDSTORAGE" time="0.98">
  <properties/>
  <testcase name="testOmniDoorKey()" classname="com.adventure.sprint3.S3M3Test" time="0.042"/>
  <testcase name="testPrintItemsCommand()" classname="com.adventure.sprint3.S3M3Test" time="0.917"/>
  <testcase name="testBackpackAddRemoveItem()" classname="com.adventure.sprint3.S3M3Test" time="0.005"/>
  <testcase name="testBackpackLimit()" classname="com.adventure.sprint3.S3M3Test" time="0.004"/>
  <testcase name="testBackpackViaPlayer()" classname="com.adventure.sprint3.S3M3Test" time="0.006"/>
  <testcase name="testPrintBackpack()" classname="com.adventure.sprint3.S3M3Test" time="0.001"/>
  <testcase name="testOmniDoorRandomGeneration()" classname="com.adventure.sprint3.S3M3Test" time="0.001"/>
  <system-out><![CDATA[]]></system-out>
  <system-err><![CDATA[]]></system-err>
</testsuite>
