<?xml version="1.0" encoding="UTF-8"?>
<testsuite name="com.adventure.sprint2.S2M1Test" tests="2" skipped="0" failures="0" errors="0" timestamp="2021-11-01T21:58:54" hostname="COLDSTORAGE" time="0.057">
  <properties/>
  <testcase name="canOpenDoor()" classname="com.adventure.sprint2.S2M1Test" time="0.045"/>
  <testcase name="setName()" classname="com.adventure.sprint2.S2M1Test" time="0.011"/>
  <system-out><![CDATA[]]></system-out>
  <system-err><![CDATA[]]></system-err>
</testsuite>
