<?xml version="1.0" encoding="UTF-8"?>
<testsuite name="com.adventure.sprint2.S2M4Test" tests="2" skipped="0" failures="0" errors="0" timestamp="2021-11-05T21:14:15" hostname="COLDSTORAGE" time="0.06">
  <properties/>
  <testcase name="testScene()" classname="com.adventure.sprint2.S2M4Test" time="0.058"/>
  <testcase name="testHole()" classname="com.adventure.sprint2.S2M4Test" time="0.001"/>
  <system-out><![CDATA[Door is now open
]]></system-out>
  <system-err><![CDATA[]]></system-err>
</testsuite>
