<?xml version="1.0" encoding="UTF-8"?>
<testsuite name="com.adventure.sprint2.S2M3Test" tests="4" skipped="0" failures="0" errors="0" timestamp="2021-11-04T01:31:56" hostname="COLDSTORAGE" time="0.053">
  <properties/>
  <testcase name="testDoorConstructors()" classname="com.adventure.sprint2.S2M3Test" time="0.026"/>
  <testcase name="testKeyFactory()" classname="com.adventure.sprint2.S2M3Test" time="0.015"/>
  <testcase name="testKeyAndDoor()" classname="com.adventure.sprint2.S2M3Test" time="0.01"/>
  <testcase name="testKeyConstructors()" classname="com.adventure.sprint2.S2M3Test" time="0.0"/>
  <system-out><![CDATA[Door is now open
That didn't work on the door
Door is now open
]]></system-out>
  <system-err><![CDATA[]]></system-err>
</testsuite>
